########### array before sorts ###########
0	0.000000	0.000000	9.525000	0.000000	n
1	9.525000	0.000000	100.000000	0.000000	n
2	100.000000	0.000000	100.000000	64.125000	n
3	100.000000	64.125000	0.000000	64.125000	n
4	0.000000	64.125000	0.000000	55.245000	n
5	0.000000	55.245000	0.000000	8.890000	n
6	0.000000	8.890000	0.000000	0.000000	n
7	100.000000	0.000000	109.220000	0.000000	n
8	109.220000	0.000000	118.745000	0.000000	n
9	118.745000	0.000000	118.745000	8.890000	n
10	118.745000	8.890000	118.745000	55.245000	n
11	118.745000	55.245000	118.745000	64.125000	n
12	118.745000	64.125000	100.000000	64.125000	n
13	0.000000	55.245000	9.525000	55.245000	n
14	9.525000	55.245000	9.525000	64.135000	n
15	0.000000	8.890000	9.525000	8.890000	n
16	9.525000	8.890000	9.525000	0.000000	n
17	118.745000	8.890000	109.220000	8.890000	n
18	109.220000	8.890000	109.220000	0.000000	n
19	109.220000	64.135000	109.220000	55.245000	n
20	109.220000	55.245000	118.745000	55.245000	n
Tolerance=0.050000.
*Exact match for i=0 and j=1.
*i point 0.000000	0.000000	9.525000	0.000000	y
*Exact match for i=1 and j=2.
*i point 9.525000	0.000000	100.000000	0.000000	y
*Exact match for i=2 and j=3.
*i point 100.000000	0.000000	100.000000	64.125000	y
*Exact match for i=3 and j=4.
*i point 100.000000	64.125000	0.000000	64.125000	y
*Exact match for i=4 and j=5.
*i point 0.000000	64.125000	0.000000	55.245000	y
*Exact match for i=5 and j=6.
*i point 0.000000	55.245000	0.000000	8.890000	y
*Exact match for i=7 and j=8.
*i point 100.000000	0.000000	109.220000	0.000000	y
*Exact match for i=8 and j=9.
*i point 109.220000	0.000000	118.745000	0.000000	y
*Exact match for i=9 and j=10.
*i point 118.745000	0.000000	118.745000	8.890000	y
*Exact match for i=10 and j=11.
*i point 118.745000	8.890000	118.745000	55.245000	y
*Exact match for i=11 and j=12.
*i point 118.745000	55.245000	118.745000	64.125000	y
No match for i=12.
########### array after sorts ###########
0	0.000000	0.000000	9.525000	0.000000	y
1	9.525000	0.000000	100.000000	0.000000	y
2	100.000000	0.000000	100.000000	64.125000	y
3	100.000000	64.125000	0.000000	64.125000	y
4	0.000000	64.125000	0.000000	55.245000	y
5	0.000000	55.245000	0.000000	8.890000	y
6	0.000000	8.890000	0.000000	0.000000	y
7	100.000000	0.000000	109.220000	0.000000	y
8	109.220000	0.000000	118.745000	0.000000	y
9	118.745000	0.000000	118.745000	8.890000	y
10	118.745000	8.890000	118.745000	55.245000	y
11	118.745000	55.245000	118.745000	64.125000	y
12	118.745000	64.125000	100.000000	64.125000	y
13	0.000000	55.245000	9.525000	55.245000	n
14	9.525000	55.245000	9.525000	64.135000	n
15	0.000000	8.890000	9.525000	8.890000	n
16	9.525000	8.890000	9.525000	0.000000	n
17	118.745000	8.890000	109.220000	8.890000	n
18	109.220000	8.890000	109.220000	0.000000	n
19	109.220000	64.135000	109.220000	55.245000	n
20	109.220000	55.245000	118.745000	55.245000	n
***************
DISPLAY -20 113;LAYER ?? -113;LAYER 113 IDFDebug;SET COLOR_LAYER 113 red;CIRCLE (3.937010 2.524608) (4.015750 2.524608);change width 0.01;
SET Wire_Bend 2;
WIRE ( 0.000000 0.000000) (0.375000 0.000000);WIRE ( 0.375000 0.000000) (3.937010 0.000000);WIRE ( 3.937010 0.000000) (3.937010 2.524608);WIRE ( 3.937010 2.524608) (0.000000 2.524608);WIRE ( 0.000000 2.524608) (0.000000 2.175001);WIRE ( 0.000000 2.175001) (0.000000 0.350000);WIRE ( 0.000000 0.350000) (0.000000 0.000000);WIRE ( 3.937010 0.000000) (4.300002 0.000000);WIRE ( 4.300002 0.000000) (4.675003 0.000000);WIRE ( 4.675003 0.000000) (4.675003 0.350000);WIRE ( 4.675003 0.350000) (4.675003 2.175001);WIRE ( 4.675003 2.175001) (4.675003 2.524608);WIRE ( 4.675003 2.524608) (3.937010 2.524608);DISPLAY NONE;DISPLAY 20 113;WINDOW FIT;***************
.BOARD_OUTLINE UNOWNED
1.6
0     0.000000     0.000000     0
0     9.525000     0.000000     0
0     100.000000     0.000000     0
0     100.000000     64.125000     0
0     0.000000     64.125000     0
0     0.000000     55.245000     0
0     0.000000     8.890000     0
0     0.000000     0.000000     0
1     100.000000     0.000000     0
1     109.220000     0.000000     0
1     118.745000     0.000000     0
1     118.745000     8.890000     0
1     118.745000     55.245000     0
1     118.745000     64.125000     0
